
Starting:    D:\Libero_Soc11.9\SynplifyPro\bin64\mbin\synbatch.exe
Install:     D:\Libero_Soc11.9\SynplifyPro
Hostname:    DESKTOP-KQJC81O
Date:        Wed Jun 02 17:34:17 2021
Version:     L-2016.09M-SP1-5

Arguments:   -product synplify_pro -licensetype synplifypro_actel -batch -log synplify.log NMR_TOP_syn.tcl
ProductType: synplify_pro

License checkout: synplifypro_actel
License: synplifypro_actel node-locked 
Licensed Vendor: actel
License Option: actel_oem

Running in Vendor Mode


auto_infer_blackbox is not supported in current product.

log file: "E:\git_repository\MDEMRT_Code\event_board\Libero_v11.9\2D_NMR_EC_FPGA_150205\synthesis\NMR_TOP.srr"

Running: synthesis in foreground



Running NMR_TOP_syn|synthesis


Running: compile (Compile) on NMR_TOP_syn|synthesis
# Wed Jun 02 17:34:18 2021


Running: compile_flow (Compile Process) on NMR_TOP_syn|synthesis
# Wed Jun 02 17:34:18 2021


Running: compiler (Compile Input) on NMR_TOP_syn|synthesis
# Wed Jun 02 17:34:18 2021

Copied E:\git_repository\MDEMRT_Code\event_board\Libero_v11.9\2D_NMR_EC_FPGA_150205\synthesis\synwork\NMR_TOP_comp.srs to E:\git_repository\MDEMRT_Code\event_board\Libero_v11.9\2D_NMR_EC_FPGA_150205\synthesis\NMR_TOP.srs


compiler completed
# Wed Jun 02 17:34:21 2021

Return Code: 0
Run Time:00h:00m:03s


Running: multi_srs_gen (Multi-srs Generator) on NMR_TOP_syn|synthesis
# Wed Jun 02 17:34:21 2021


multi_srs_gen completed
# Wed Jun 02 17:34:21 2021

Return Code: 0
Run Time:00h:00m:00s

Copied E:\git_repository\MDEMRT_Code\event_board\Libero_v11.9\2D_NMR_EC_FPGA_150205\synthesis\synwork\NMR_TOP_mult.srs to E:\git_repository\MDEMRT_Code\event_board\Libero_v11.9\2D_NMR_EC_FPGA_150205\synthesis\NMR_TOP.srs

Complete: Compile Process on NMR_TOP_syn|synthesis


Running: premap (Pre-mapping) on NMR_TOP_syn|synthesis
# Wed Jun 02 17:34:21 2021


premap completed with warnings
# Wed Jun 02 17:34:24 2021

Return Code: 1
Run Time:00h:00m:03s

Complete: Compile on NMR_TOP_syn|synthesis


Running: map (Map) on NMR_TOP_syn|synthesis
# Wed Jun 02 17:34:24 2021

License granted for 4 parallel jobs


Running: fpga_mapper (Map & Optimize) on NMR_TOP_syn|synthesis
# Wed Jun 02 17:34:24 2021

Copied E:\git_repository\MDEMRT_Code\event_board\Libero_v11.9\2D_NMR_EC_FPGA_150205\synthesis\synwork\NMR_TOP_m.srm to E:\git_repository\MDEMRT_Code\event_board\Libero_v11.9\2D_NMR_EC_FPGA_150205\synthesis\NMR_TOP.srm


fpga_mapper completed with warnings
# Wed Jun 02 17:34:35 2021

Return Code: 1
Run Time:00h:00m:11s

Complete: Map on NMR_TOP_syn|synthesis

Complete: Logic Synthesis on NMR_TOP_syn|synthesis

TCL script complete: "NMR_TOP_syn.tcl"

exit status=0

exit status=0

License checkin: synplifypro_actel

