D:\Libero_SoC\SynplifyPro\bin64\c_hdl.exe  -osyn  C:\Users\Administrator\Desktop\MultiEMRT_MAIN_FPGA_20200804\synthesis\synwork\MAIN_TOP_comp.srs  -top  MAIN_TOP  -hdllog  C:\Users\Administrator\Desktop\MultiEMRT_MAIN_FPGA_20200804\synthesis\synlog\MAIN_TOP_compiler.srr  -encrypt  -mp  4  -verification_mode 0  -verilog  -prodtype  synplify_pro  -nram -fixsmult -divnmod   -I C:\Users\Administrator\Desktop\MultiEMRT_MAIN_FPGA_20200804\synthesis\  -I D:\Libero_SoC\SynplifyPro\lib   -v2001  -devicelib  D:\Libero_SoC\SynplifyPro\lib\proasic\proasic3.v  -encrypt  -pro  -dmgen  C:\Users\Administrator\Desktop\MultiEMRT_MAIN_FPGA_20200804\synthesis\dm  -ui -fid2 -ram -sharing off -ll 2000 -autosm  -lib work C:\Users\Administrator\Desktop\MultiEMRT_MAIN_FPGA_20200804\hdl\adc_acq.v -lib work C:\Users\Administrator\Desktop\MultiEMRT_MAIN_FPGA_20200804\hdl\rdata_choice.v -lib work C:\Users\Administrator\Desktop\MultiEMRT_MAIN_FPGA_20200804\component\work\ADC_TOP\ADC_TOP.v -lib work C:\Users\Administrator\Desktop\MultiEMRT_MAIN_FPGA_20200804\smartgen\MUX2\MUX2.v -lib work C:\Users\Administrator\Desktop\MultiEMRT_MAIN_FPGA_20200804\hdl\address_encoder.v -lib work C:\Users\Administrator\Desktop\MultiEMRT_MAIN_FPGA_20200804\hdl\cmd_decoder.v -lib work C:\Users\Administrator\Desktop\MultiEMRT_MAIN_FPGA_20200804\hdl\edib_ctrl_reg.v -lib work C:\Users\Administrator\Desktop\MultiEMRT_MAIN_FPGA_20200804\hdl\edib_m2m5m7_clkgen.v -lib work C:\Users\Administrator\Desktop\MultiEMRT_MAIN_FPGA_20200804\hdl\edib_m5m7_clkgen.v -lib work C:\Users\Administrator\Desktop\MultiEMRT_MAIN_FPGA_20200804\hdl\edib_mode2_clkgen.v -lib work C:\Users\Administrator\Desktop\MultiEMRT_MAIN_FPGA_20200804\hdl\trans_m2.v -lib work C:\Users\Administrator\Desktop\MultiEMRT_MAIN_FPGA_20200804\hdl\trans_m5m7.v -lib work C:\Users\Administrator\Desktop\MultiEMRT_MAIN_FPGA_20200804\hdl\trans_m7.v -lib work C:\Users\Administrator\Desktop\MultiEMRT_MAIN_FPGA_20200804\hdl\tri_state_ctrl.v -lib work C:\Users\Administrator\Desktop\MultiEMRT_MAIN_FPGA_20200804\component\work\MAIN_TOP\MAIN_TOP.v 
relcom:D:\Libero_SoC\SynplifyPro\bin64\c_hdl.exe -osyn ..\synwork\MAIN_TOP_comp.srs -top MAIN_TOP -hdllog ..\synlog\MAIN_TOP_compiler.srr -encrypt -mp 4 -verification_mode 0 -verilog -prodtype synplify_pro -nram -fixsmult -divnmod -I ..\ -I D:\Libero_SoC\SynplifyPro\lib -v2001 -devicelib D:\Libero_SoC\SynplifyPro\lib\proasic\proasic3.v -encrypt -pro -dmgen ..\dm -ui -fid2 -ram -sharing off -ll 2000 -autosm -lib work ..\..\hdl\adc_acq.v -lib work ..\..\hdl\rdata_choice.v -lib work ..\..\component\work\ADC_TOP\ADC_TOP.v -lib work ..\..\smartgen\MUX2\MUX2.v -lib work ..\..\hdl\address_encoder.v -lib work ..\..\hdl\cmd_decoder.v -lib work ..\..\hdl\edib_ctrl_reg.v -lib work ..\..\hdl\edib_m2m5m7_clkgen.v -lib work ..\..\hdl\edib_m5m7_clkgen.v -lib work ..\..\hdl\edib_mode2_clkgen.v -lib work ..\..\hdl\trans_m2.v -lib work ..\..\hdl\trans_m5m7.v -lib work ..\..\hdl\trans_m7.v -lib work ..\..\hdl\tri_state_ctrl.v -lib work ..\..\component\work\MAIN_TOP\MAIN_TOP.v
rc:0 success:1 runtime:3
file:..\synwork\MAIN_TOP_comp.srs|io:o|time:1599786748|size:55047|exec:0|csum:
file:..\synlog\MAIN_TOP_compiler.srr|io:o|time:1599786748|size:14275|exec:0|csum:
file:D:\Libero_SoC\SynplifyPro\lib\proasic\proasic3.v|io:i|time:1508984288|size:49355|exec:0|csum:8134F444E2143EC94271A46B5CC33DA2
file:..\..\hdl\adc_acq.v|io:i|time:1595916385|size:9022|exec:0|csum:AEFD3DEEB9E0D0634E00B52108859450
file:..\..\hdl\rdata_choice.v|io:i|time:1548062171|size:490|exec:0|csum:6D8258F8562060FF6C30999F1145DA30
file:..\..\component\work\ADC_TOP\ADC_TOP.v|io:i|time:1548211699|size:5507|exec:0|csum:67A459E8841B89A619EC74056137773E
file:..\..\smartgen\MUX2\MUX2.v|io:i|time:1528361286|size:3149|exec:0|csum:0F5E0AC18CB33100B9916DB09962C3FC
file:..\..\hdl\address_encoder.v|io:i|time:1537194572|size:7892|exec:0|csum:4E0AF1929E46E91257132B3FC9983E2B
file:..\..\hdl\cmd_decoder.v|io:i|time:1599753232|size:12979|exec:0|csum:72877DE221CF1476786B872A2B8C021B
file:..\..\hdl\edib_ctrl_reg.v|io:i|time:1263980988|size:3779|exec:0|csum:416D151993D61FC7C23849332E806E11
file:..\..\hdl\edib_m2m5m7_clkgen.v|io:i|time:1263997922|size:618|exec:0|csum:59D5A4B7C545622CF3078CC99A4F3099
file:..\..\hdl\edib_m5m7_clkgen.v|io:i|time:1264054372|size:605|exec:0|csum:28742F402457158252AEC1879F7E9107
file:..\..\hdl\edib_mode2_clkgen.v|io:i|time:1264044078|size:601|exec:0|csum:71DE7AEBC4619CCF2DC64901C722DEBC
file:..\..\hdl\trans_m2.v|io:i|time:1599548753|size:4665|exec:0|csum:842B16DC6E34BC01149B5B138D560A19
file:..\..\hdl\trans_m5m7.v|io:i|time:1263993770|size:5286|exec:0|csum:FB63FD39192AED7048FC3F84B103400F
file:..\..\hdl\trans_m7.v|io:i|time:1263993776|size:5291|exec:0|csum:D7BE6D516BE97373732E7B503565D02D
file:..\..\hdl\tri_state_ctrl.v|io:i|time:1274857324|size:276|exec:0|csum:517BF74D02549DBDFCC18789E6BD405A
file:..\..\component\work\MAIN_TOP\MAIN_TOP.v|io:i|time:1595916395|size:18142|exec:0|csum:18757F3C4C5D2DC3F61532FC354957D2
file:D:\Libero_SoC\SynplifyPro\bin\c_hdl.exe|io:i|time:1508986516|size:1338368|exec:1|csum:4BE9471CC8F1F34D3F79DD6F3C07C7F5
file:D:\Libero_SoC\SynplifyPro\bin64\c_hdl.exe|io:i|time:1508986724|size:1754112|exec:1|csum:0724D6BF71D325162DC071CC1383571C
