
		#####  BEGIN RETIMING REPORT  #####

Retiming summary : 21 registers retimed to 69

Original and Pipelined registers replaced by retiming :
		scalestate_0.timecount[0]
		scalestate_0.timecount[1]
		scalestate_0.timecount[2]
		scalestate_0.timecount[3]
		scalestate_0.timecount[4]
		scalestate_0.timecount[5]
		scalestate_0.timecount[6]
		scalestate_0.timecount[7]
		scalestate_0.timecount[8]
		scalestate_0.timecount[9]
		scalestate_0.timecount[10]
		scalestate_0.timecount[11]
		scalestate_0.timecount[12]
		scalestate_0.timecount[13]
		scalestate_0.timecount[14]
		scalestate_0.timecount[15]
		top_code_0.noise_start
		top_code_0.pluse_str
		top_code_0.scale_start
		top_code_0.scan_start
		top_code_0.state_1ms_start

New registers created by retiming :
		scalestate_0.timecount_ret
		scalestate_0.timecount_ret_0
		scalestate_0.timecount_ret_1
		scalestate_0.timecount_ret_3
		scalestate_0.timecount_ret_5
		scalestate_0.timecount_ret_6
		scalestate_0.timecount_ret_7
		scalestate_0.timecount_ret_8
		scalestate_0.timecount_ret_9
		scalestate_0.timecount_ret_10
		scalestate_0.timecount_ret_11
		scalestate_0.timecount_ret_12
		scalestate_0.timecount_ret_13
		scalestate_0.timecount_ret_14
		scalestate_0.timecount_ret_15
		scalestate_0.timecount_ret_16
		scalestate_0.timecount_ret_18
		scalestate_0.timecount_ret_19
		scalestate_0.timecount_ret_20
		scalestate_0.timecount_ret_21
		scalestate_0.timecount_ret_25
		scalestate_0.timecount_ret_26
		scalestate_0.timecount_ret_28
		scalestate_0.timecount_ret_29
		scalestate_0.timecount_ret_31
		scalestate_0.timecount_ret_32
		scalestate_0.timecount_ret_36
		scalestate_0.timecount_ret_39
		scalestate_0.timecount_ret_40
		scalestate_0.timecount_ret_41
		scalestate_0.timecount_ret_42
		scalestate_0.timecount_ret_43
		scalestate_0.timecount_ret_44
		scalestate_0.timecount_ret_45
		scalestate_0.timecount_ret_46
		scalestate_0.timecount_ret_47
		scalestate_0.timecount_ret_48
		scalestate_0.timecount_ret_49
		scalestate_0.timecount_ret_50
		scalestate_0.timecount_ret_51
		scalestate_0.timecount_ret_52
		scalestate_0.timecount_ret_53
		scalestate_0.timecount_ret_56
		scalestate_0.timecount_ret_58
		scalestate_0.timecount_ret_60
		scalestate_0.timecount_ret_61
		scalestate_0.timecount_ret_63
		scalestate_0.timecount_ret_64
		scalestate_0.timecount_ret_66
		scalestate_0.timecount_ret_67
		scalestate_0.timecount_ret_69
		scalestate_0.timecount_ret_71
		scalestate_0.timecount_ret_72
		top_code_0.noise_start_ret
		top_code_0.noise_start_ret_2
		top_code_0.noise_start_ret_3
		top_code_0.pluse_str_ret
		top_code_0.pluse_str_ret_2
		top_code_0.pluse_str_ret_3
		top_code_0.scale_start_ret
		top_code_0.scale_start_ret_2
		top_code_0.scale_start_ret_3
		top_code_0.scan_start_ret
		top_code_0.scan_start_ret_2
		top_code_0.scan_start_ret_3
		top_code_0.state_1ms_start_ret
		top_code_0.state_1ms_start_ret_1
		top_code_0.state_1ms_start_ret_2
		top_code_0.state_1ms_start_ret_3


		#####   END RETIMING REPORT  #####

