Target Part: A3P1000_FBGA144_-2
Report for cell NMR_TOP.verilog
  Core Cell usage:
              cell count     area count*area
              AND2    58      1.0       58.0
             AND2A    19      1.0       19.0
              AND3   129      1.0      129.0
             AND3B     1      1.0        1.0
               AO1   165      1.0      165.0
              AO18    92      1.0       92.0
              AO1A    86      1.0       86.0
              AO1B    21      1.0       21.0
              AO1C    77      1.0       77.0
              AO1D     9      1.0        9.0
              AOI1    16      1.0       16.0
             AOI1A    15      1.0       15.0
             AOI1B     9      1.0        9.0
               AX1     9      1.0        9.0
              AX1A     1      1.0        1.0
              AX1C    59      1.0       59.0
              BUFF    19      1.0       19.0
            CLKINT     3      0.0        0.0
               GND   108      0.0        0.0
               INV     8      1.0        8.0
              MAJ3     3      1.0        3.0
              MIN3    10      1.0       10.0
               MX2   634      1.0      634.0
              MX2A    15      1.0       15.0
              MX2B    32      1.0       32.0
              MX2C     6      1.0        6.0
             NAND2    33      1.0       33.0
            NAND3A    24      1.0       24.0
              NOR2    66      1.0       66.0
             NOR2A   474      1.0      474.0
             NOR2B   660      1.0      660.0
              NOR3    52      1.0       52.0
             NOR3A   107      1.0      107.0
             NOR3B   215      1.0      215.0
             NOR3C   247      1.0      247.0
               OA1    36      1.0       36.0
              OA1A    17      1.0       17.0
              OA1B    34      1.0       34.0
              OA1C    15      1.0       15.0
              OAI1     9      1.0        9.0
               OR2    88      1.0       88.0
              OR2A   103      1.0      103.0
              OR2B    29      1.0       29.0
               OR3   211      1.0      211.0
              OR3A    19      1.0       19.0
              OR3B    11      1.0       11.0
              OR3C     4      1.0        4.0
               PLL     1      0.0        0.0
               VCC   108      0.0        0.0
               XA1    62      1.0       62.0
              XA1A     9      1.0        9.0
              XA1B     1      1.0        1.0
              XA1C    25      1.0       25.0
             XNOR2    86      1.0       86.0
             XNOR3    93      1.0       93.0
               XO1   108      1.0      108.0
              XOR2   412      1.0      412.0
              XOR3    19      1.0       19.0


              DFI0     1      1.0        1.0
              DFN0     1      1.0        1.0
            DFN0C0    27      1.0       27.0
            DFN0P0     1      1.0        1.0
              DFN1   576      1.0      576.0
            DFN1C0   220      1.0      220.0
            DFN1E0   109      1.0      109.0
          DFN1E0C0    17      1.0       17.0
            DFN1E1  1231      1.0     1231.0
          DFN1E1C0    25      1.0       25.0
            DFN1P0    11      1.0       11.0
         RAM512X18    16      0.0        0.0
                   -----          ----------
             TOTAL  7217              6981.0


  IO Cell usage:
              cell count
             BIBUF    16
            CLKBUF     1
             INBUF    37
            OUTBUF    42
                   -----
             TOTAL    96


Core Cells         : 6981 of 24576 (28%)
IO Cells           : 96

  RAM/ROM Usage Summary
Block Rams : 16 of 32 (50%)

