Target Part: A3P1000_FBGA144_STD
Report for cell MAIN_TOP.verilog
  Core Cell usage:
              cell count     area count*area
              AND2     2      1.0        2.0
              AND3     6      1.0        6.0
               AO1    18      1.0       18.0
              AO1A    30      1.0       30.0
              AO1B    10      1.0       10.0
              AO1C     3      1.0        3.0
              AO1D    18      1.0       18.0
             AOI1B     6      1.0        6.0
               AX1     1      1.0        1.0
              AX1C     5      1.0        5.0
              AX1D     2      1.0        2.0
             AXOI4     3      1.0        3.0
             AXOI5     1      1.0        1.0
              BUFF     6      1.0        6.0
            CLKINT     5      0.0        0.0
               GND    15      0.0        0.0
               INV    11      1.0       11.0
               MX2   233      1.0      233.0
              MX2A    41      1.0       41.0
              MX2B    30      1.0       30.0
              MX2C     2      1.0        2.0
              NOR2    72      1.0       72.0
             NOR2A   205      1.0      205.0
             NOR2B    89      1.0       89.0
              NOR3     9      1.0        9.0
             NOR3A    70      1.0       70.0
             NOR3B    99      1.0       99.0
             NOR3C    75      1.0       75.0
               OA1    37      1.0       37.0
              OA1A     1      1.0        1.0
              OA1B     3      1.0        3.0
              OA1C    91      1.0       91.0
               OR2    48      1.0       48.0
              OR2A    22      1.0       22.0
              OR2B     4      1.0        4.0
               OR3    53      1.0       53.0
              OR3A     4      1.0        4.0
              OR3B     3      1.0        3.0
              OR3C     3      1.0        3.0
               VCC    15      0.0        0.0
               XA1     7      1.0        7.0
              XAI1     1      1.0        1.0
             XNOR2     3      1.0        3.0
             XNOR3     1      1.0        1.0
              XOR2    21      1.0       21.0
              XOR3     4      1.0        4.0


            DFI1C0     1      1.0        1.0
            DFI1P0     4      1.0        4.0
              DFN0     1      1.0        1.0
            DFN0C0   132      1.0      132.0
          DFN0E0C0    62      1.0       62.0
          DFN0E0P0     2      1.0        2.0
          DFN0E1C0    80      1.0       80.0
            DFN0P0     7      1.0        7.0
          DFN0P1C1     1      1.0        1.0
              DFN1    58      1.0       58.0
            DFN1C0    34      1.0       34.0
          DFN1E0C0   154      1.0      154.0
          DFN1E0P0     5      1.0        5.0
            DFN1E1     4      1.0        4.0
          DFN1E1C0   252      1.0      252.0
          DFN1E1P0     2      1.0        2.0
            DFN1P0     7      1.0        7.0
          DFN1P1C1     2      1.0        2.0
              DLN0     2      1.0        2.0
                   -----          ----------
             TOTAL  2198              2163.0


  IO Cell usage:
              cell count
             BIBUF    16
            CLKBUF     1
             INBUF    30
            OUTBUF    31
                   -----
             TOTAL    78


Core Cells         : 2163 of 24576 (9%)
IO Cells           : 78

  RAM/ROM Usage Summary
Block Rams : 0 of 32 (0%)

