FlashPro
Version: 9.1.0.18
Release: v9.1

Software Version: 9.1.0.18
PDB file 'C:\Users\dell\Desktop\WorkFolder\2D_NMR_EC_FPGA_150131\designer\impl3\NMR_TOP_1.pdb'
has been loaded successfully.
DESIGN : NMR_TOP;  CHECKSUM : DA01;  PDB_VERSION : 1.6
Driver : 3.0.0 build 1
programmer '09700' : FlashPro3
Opened
'C:\Users\dell\Desktop\WorkFolder\2D_NMR_EC_FPGA_150131\designer\impl3\NMR_TOP_1_fp\NMR_TOP_1.p\
ro'
programmer '09700' : Scan Chain...
Warning: programmer '09700' : Vpump has been selected on programmer AND an externally provided
         Vpump has also been detected. Using externally provided Vpump voltage source.
programmer '09700' : Scan Chain PASSED.
programmer '09700' : Executing action PROGRAM
programmer '09700' : EXPORT FSN[48] = 80ec41386474
programmer '09700' : Erase ...
programmer '09700' : Completed erase
programmer '09700' : Programming FPGA Array
programmer '09700' : Verifying FPGA Array
programmer '09700' :         Verifying FPGA Array -- pass
programmer '09700' : Finished: Thu Feb 05 17:19:36 2015 (Elapsed time 00:01:03)
programmer '09700' : Executing action PROGRAM PASSED.

                        o - o - o - o - o - o

